0 info it worked if it ends with ok
1 verbose cli [ '/Users/bryanjos/.nvm/versions/node/v7.4.0/bin/node',
1 verbose cli   '/Users/bryanjos/.nvm/versions/node/v7.4.0/bin/npm',
1 verbose cli   'run',
1 verbose cli   'build' ]
2 info using npm@4.0.5
3 info using node@v7.4.0
4 verbose run-script [ 'prebuild', 'build', 'postbuild' ]
5 info lifecycle elixirscript-project-boilerplate@1.0.0~prebuild: elixirscript-project-boilerplate@1.0.0
6 silly lifecycle elixirscript-project-boilerplate@1.0.0~prebuild: no script for prebuild, continuing
7 info lifecycle elixirscript-project-boilerplate@1.0.0~build: elixirscript-project-boilerplate@1.0.0
8 verbose lifecycle elixirscript-project-boilerplate@1.0.0~build: unsafe-perm in lifecycle true
9 verbose lifecycle elixirscript-project-boilerplate@1.0.0~build: PATH: /Users/bryanjos/.nvm/versions/node/v7.4.0/lib/node_modules/npm/bin/node-gyp-bin:/Users/bryanjos/projects/presentations/elixirscript_examples/ping_pong/node_modules/.bin:/Users/bryanjos/.opam/4.02.3/bin:/Users/bryanjos/.nvm/versions/node/v7.4.0/bin:/Users/bryanjos/.kiex/elixirs/elixir-1.3.4/bin:/Users/bryanjos/.kiex/bin:/usr/local/Cellar/pyenv-virtualenv/1.0.0/shims:/Users/bryanjos/.pyenv/shims:/Users/bryanjos/.rvm/gems/ruby-2.2.0/bin:/Users/bryanjos/.rvm/gems/ruby-2.2.0@global/bin:/Users/bryanjos/.rvm/rubies/ruby-2.2.0/bin:/usr/local/heroku/bin:/Users/bryanjos/.kiex/elixirs/elixir-1.3.4/bin:/Users/bryanjos/.kiex/bin:/usr/local/Cellar/pyenv-virtualenv/1.0.0/shims:/Users/bryanjos/.pyenv/shims:/usr/local/bin:/usr/bin:/bin:/usr/sbin:/sbin:/opt/X11/bin:/usr/local/share/dotnet:/Users/bryanjos/.local/bin:/Applications/Postgres.app/Contents/Versions/9.4/bin:/Applications/Racket v6.6/bin:/usr/local/elixirscript/bin:/Users/bryanjos/Library/Android/sdk/platform-tools:/Users/bryanjos/Library/Android/sdk/tools:/Users/bryanjos/.rvm/bin
10 verbose lifecycle elixirscript-project-boilerplate@1.0.0~build: CWD: /Users/bryanjos/projects/presentations/elixirscript_examples/ping_pong
11 silly lifecycle elixirscript-project-boilerplate@1.0.0~build: Args: [ '-c', 'gulp webpack' ]
12 silly lifecycle elixirscript-project-boilerplate@1.0.0~build: Returned: code: 1  signal: null
13 info lifecycle elixirscript-project-boilerplate@1.0.0~build: Failed to exec build script
14 verbose stack Error: elixirscript-project-boilerplate@1.0.0 build: `gulp webpack`
14 verbose stack Exit status 1
14 verbose stack     at EventEmitter.<anonymous> (/Users/bryanjos/.nvm/versions/node/v7.4.0/lib/node_modules/npm/lib/utils/lifecycle.js:279:16)
14 verbose stack     at emitTwo (events.js:106:13)
14 verbose stack     at EventEmitter.emit (events.js:191:7)
14 verbose stack     at ChildProcess.<anonymous> (/Users/bryanjos/.nvm/versions/node/v7.4.0/lib/node_modules/npm/lib/utils/spawn.js:40:14)
14 verbose stack     at emitTwo (events.js:106:13)
14 verbose stack     at ChildProcess.emit (events.js:191:7)
14 verbose stack     at maybeClose (internal/child_process.js:885:16)
14 verbose stack     at Process.ChildProcess._handle.onexit (internal/child_process.js:226:5)
15 verbose pkgid elixirscript-project-boilerplate@1.0.0
16 verbose cwd /Users/bryanjos/projects/presentations/elixirscript_examples/ping_pong
17 error Darwin 16.3.0
18 error argv "/Users/bryanjos/.nvm/versions/node/v7.4.0/bin/node" "/Users/bryanjos/.nvm/versions/node/v7.4.0/bin/npm" "run" "build"
19 error node v7.4.0
20 error npm  v4.0.5
21 error code ELIFECYCLE
22 error elixirscript-project-boilerplate@1.0.0 build: `gulp webpack`
22 error Exit status 1
23 error Failed at the elixirscript-project-boilerplate@1.0.0 build script 'gulp webpack'.
23 error Make sure you have the latest version of node.js and npm installed.
23 error If you do, this is most likely a problem with the elixirscript-project-boilerplate package,
23 error not with npm itself.
23 error Tell the author that this fails on your system:
23 error     gulp webpack
23 error You can get information on how to open an issue for this project with:
23 error     npm bugs elixirscript-project-boilerplate
23 error Or if that isn't available, you can get their info via:
23 error     npm owner ls elixirscript-project-boilerplate
23 error There is likely additional logging output above.
24 verbose exit [ 1, true ]
